Copyright 1986-2019 Xilinx, Inc. All Rights Reserved.
-----------------------------------------------------------------------------------------
| Tool Version : Vivado v.2019.1 (win64) Build 2552052 Fri May 24 14:49:42 MDT 2019
| Date         : Fri Nov  7 18:06:58 2025
| Host         : PC-1000-times running 64-bit major release  (build 9200)
| Command      : report_clock_utilization -file XC7A200_TOP_clock_utilization_routed.rpt
| Design       : XC7A200_TOP
| Device       : 7a200t-fbg484
| Speed File   : -2  PRODUCTION 1.23 2018-06-13
| Design State : Routed
-----------------------------------------------------------------------------------------

Clock Utilization Report

Table of Contents
-----------------
1. Clock Primitive Utilization
2. Global Clock Resources
3. Global Clock Source Details
4. Local Clock Details
5. Clock Regions: Key Resource Utilization
6. Clock Regions : Global Clock Summary
7. Device Cell Placement Summary for Global Clock g0
8. Device Cell Placement Summary for Global Clock g1
9. Device Cell Placement Summary for Global Clock g2
10. Device Cell Placement Summary for Global Clock g3
11. Device Cell Placement Summary for Global Clock g4
12. Device Cell Placement Summary for Global Clock g5
13. Device Cell Placement Summary for Global Clock g6
14. Device Cell Placement Summary for Global Clock g7
15. Device Cell Placement Summary for Global Clock g8
16. Device Cell Placement Summary for Global Clock g9
17. Device Cell Placement Summary for Global Clock g10
18. Clock Region Cell Placement per Global Clock: Region X0Y2
19. Clock Region Cell Placement per Global Clock: Region X1Y2
20. Clock Region Cell Placement per Global Clock: Region X0Y3
21. Clock Region Cell Placement per Global Clock: Region X0Y4
22. Clock Region Cell Placement per Global Clock: Region X1Y4

1. Clock Primitive Utilization
------------------------------

+----------+------+-----------+-----+--------------+--------+
| Type     | Used | Available | LOC | Clock Region | Pblock |
+----------+------+-----------+-----+--------------+--------+
| BUFGCTRL |   11 |        32 |   0 |            0 |      0 |
| BUFH     |    0 |       120 |   0 |            0 |      0 |
| BUFIO    |    0 |        40 |   0 |            0 |      0 |
| BUFMR    |    0 |        20 |   0 |            0 |      0 |
| BUFR     |    0 |        40 |   0 |            0 |      0 |
| MMCM     |    3 |        10 |   0 |            0 |      0 |
| PLL      |    0 |        10 |   0 |            0 |      0 |
+----------+------+-----------+-----+--------------+--------+


2. Global Clock Resources
-------------------------

+-----------+-----------+-----------------+------------+----------------+--------------+-------------------+-------------+-----------------+--------------+----------------------------------------------------------------------------------------------------------------------------------------+---------------------------------------------------------------------------------+----------------------------------------------------------------------------+
| Global Id | Source Id | Driver Type/Pin | Constraint | Site           | Clock Region | Load Clock Region | Clock Loads | Non-Clock Loads | Clock Period | Clock                                                                                                                                  | Driver Pin                                                                      | Net                                                                        |
+-----------+-----------+-----------------+------------+----------------+--------------+-------------------+-------------+-----------------+--------------+----------------------------------------------------------------------------------------------------------------------------------------+---------------------------------------------------------------------------------+----------------------------------------------------------------------------+
| g0        | src0      | BUFG/O          | None       | BUFGCTRL_X0Y16 | n/a          |                 2 |         707 |               0 |       32.000 | clkout0                                                                                                                                | aurora_module_u0/aurora_channel_u0/aurora_8b10b_0_CLOCK_MODULE_u0/clkout0_buf/O | aurora_module_u0/aurora_channel_u0/aurora_8b10b_0_CLOCK_MODULE_u0/USER_CLK |
| g1        | src1      | BUFG/O          | None       | BUFGCTRL_X0Y1  | n/a          |                 3 |         630 |               0 |              |                                                                                                                                        | i_clk_50M_IBUF_BUFG_inst/O                                                      | i_clk_50M_IBUF_BUFG                                                        |
| g2        | src2      | BUFG/O          | None       | BUFGCTRL_X0Y17 | n/a          |                 2 |         512 |               0 |       32.000 | clkout0_1                                                                                                                              | aurora_module_u0/aurora_channel_u1/aurora_8b10b_0_CLOCK_MODULE_u0/clkout0_buf/O | aurora_module_u0/aurora_channel_u1/aurora_8b10b_0_CLOCK_MODULE_u0/USER_CLK |
| g3        | src3      | BUFG/O          | None       | BUFGCTRL_X0Y0  | n/a          |                 2 |         131 |               0 |       40.000 | cmos_pclk                                                                                                                              | cam_pclk_IBUF_BUFG_inst/O                                                       | cam_pclk_IBUF_BUFG                                                         |
| g4        | src4      | BUFG/O          | None       | BUFGCTRL_X0Y2  | n/a          |                 1 |          90 |               0 |              |                                                                                                                                        | i2c_dri_clk_BUFG_inst/O                                                         | i2c_dri_clk_BUFG                                                           |
| g5        | src5      | BUFG/O          | None       | BUFGCTRL_X0Y3  | n/a          |                 2 |          11 |               0 |       20.000 | clk_out1_clk_wiz_0                                                                                                                     | instance_name/inst/clkout1_buf/O                                                | instance_name/inst/clk_out1                                                |
| g6        | src0      | BUFG/O          | None       | BUFGCTRL_X0Y18 | n/a          |                 1 |           2 |               0 |       16.000 | clkout1                                                                                                                                | aurora_module_u0/aurora_channel_u0/aurora_8b10b_0_CLOCK_MODULE_u0/clkout1_buf/O | aurora_module_u0/aurora_channel_u0/aurora_8b10b_0_CLOCK_MODULE_u0/SYNC_CLK |
| g7        | src2      | BUFG/O          | None       | BUFGCTRL_X0Y19 | n/a          |                 1 |           2 |               0 |       16.000 | clkout1_1                                                                                                                              | aurora_module_u0/aurora_channel_u1/aurora_8b10b_0_CLOCK_MODULE_u0/clkout1_buf/O | aurora_module_u0/aurora_channel_u1/aurora_8b10b_0_CLOCK_MODULE_u0/SYNC_CLK |
| g8        | src6      | BUFG/O          | None       | BUFGCTRL_X0Y20 | n/a          |                 1 |           1 |               0 |       16.000 | aurora_module_u0/aurora_channel_u0/aurora_8b10b_0_u0/inst/gt_wrapper_i/aurora_8b10b_0_multi_gt_i/gt0_aurora_8b10b_0_i/gtpe2_i/TXOUTCLK | aurora_module_u0/aurora_channel_u0/aurora_8b10b_0_CLOCK_MODULE_u0/clkin1_buf/O  | aurora_module_u0/aurora_channel_u0/aurora_8b10b_0_CLOCK_MODULE_u0/clkin1   |
| g9        | src7      | BUFG/O          | None       | BUFGCTRL_X0Y21 | n/a          |                 1 |           1 |               0 |       16.000 | aurora_module_u0/aurora_channel_u1/aurora_8b10b_0_u0/inst/gt_wrapper_i/aurora_8b10b_0_multi_gt_i/gt0_aurora_8b10b_0_i/gtpe2_i/TXOUTCLK | aurora_module_u0/aurora_channel_u1/aurora_8b10b_0_CLOCK_MODULE_u0/clkin1_buf/O  | aurora_module_u0/aurora_channel_u1/aurora_8b10b_0_CLOCK_MODULE_u0/clkin1   |
| g10       | src5      | BUFG/O          | None       | BUFGCTRL_X0Y4  | n/a          |                 1 |           1 |               0 |       20.000 | clkfbout_clk_wiz_0                                                                                                                     | instance_name/inst/clkf_buf/O                                                   | instance_name/inst/clkfbout_buf_clk_wiz_0                                  |
+-----------+-----------+-----------------+------------+----------------+--------------+-------------------+-------------+-----------------+--------------+----------------------------------------------------------------------------------------------------------------------------------------+---------------------------------------------------------------------------------+----------------------------------------------------------------------------+
* Clock Loads column represents the clock pin loads (pin count)
** Non-Clock Loads column represents the non-clock pin loads (pin count)


3. Global Clock Source Details
------------------------------

+-----------+-----------+------------------------+--------------------+--------------------+--------------+-------------+-----------------+---------------------+----------------------------------------------------------------------------------------------------------------------------------------+----------------------------------------------------------------------------------------------------------------------------------------+----------------------------------------------------------------------------------------------------------------------------------+
| Source Id | Global Id | Driver Type/Pin        | Constraint         | Site               | Clock Region | Clock Loads | Non-Clock Loads | Source Clock Period | Source Clock                                                                                                                           | Driver Pin                                                                                                                             | Net                                                                                                                              |
+-----------+-----------+------------------------+--------------------+--------------------+--------------+-------------+-----------------+---------------------+----------------------------------------------------------------------------------------------------------------------------------------+----------------------------------------------------------------------------------------------------------------------------------------+----------------------------------------------------------------------------------------------------------------------------------+
| src0      | g0        | MMCME2_ADV/CLKOUT0     | None               | MMCME2_ADV_X1Y4    | X1Y4         |           1 |               0 |              32.000 | clkout0                                                                                                                                | aurora_module_u0/aurora_channel_u0/aurora_8b10b_0_CLOCK_MODULE_u0/mmcm_adv_inst/CLKOUT0                                                | aurora_module_u0/aurora_channel_u0/aurora_8b10b_0_CLOCK_MODULE_u0/clkout0                                                        |
| src0      | g6        | MMCME2_ADV/CLKOUT1     | None               | MMCME2_ADV_X1Y4    | X1Y4         |           1 |               0 |              16.000 | clkout1                                                                                                                                | aurora_module_u0/aurora_channel_u0/aurora_8b10b_0_CLOCK_MODULE_u0/mmcm_adv_inst/CLKOUT1                                                | aurora_module_u0/aurora_channel_u0/aurora_8b10b_0_CLOCK_MODULE_u0/clkout1                                                        |
| src1      | g1        | IBUF/O                 | IOB_X1Y124         | IOB_X1Y124         | X1Y2         |           4 |               0 |                     |                                                                                                                                        | i_clk_50M_IBUF_inst/O                                                                                                                  | i_clk_50M_IBUF                                                                                                                   |
| src2      | g2        | MMCME2_ADV/CLKOUT0     | None               | MMCME2_ADV_X0Y4    | X0Y4         |           1 |               0 |              32.000 | clkout0_1                                                                                                                              | aurora_module_u0/aurora_channel_u1/aurora_8b10b_0_CLOCK_MODULE_u0/mmcm_adv_inst/CLKOUT0                                                | aurora_module_u0/aurora_channel_u1/aurora_8b10b_0_CLOCK_MODULE_u0/clkout0                                                        |
| src2      | g7        | MMCME2_ADV/CLKOUT1     | None               | MMCME2_ADV_X0Y4    | X0Y4         |           1 |               0 |              16.000 | clkout1_1                                                                                                                              | aurora_module_u0/aurora_channel_u1/aurora_8b10b_0_CLOCK_MODULE_u0/mmcm_adv_inst/CLKOUT1                                                | aurora_module_u0/aurora_channel_u1/aurora_8b10b_0_CLOCK_MODULE_u0/clkout1                                                        |
| src3      | g3        | IBUF/O                 | IOB_X0Y113         | IOB_X0Y113         | X0Y2         |           1 |               0 |              40.000 | cmos_pclk                                                                                                                              | cam_pclk_IBUF_inst/O                                                                                                                   | cam_pclk_IBUF                                                                                                                    |
| src4      | g4        | FDCE/Q                 | None               | SLICE_X84Y146      | X1Y2         |           1 |               1 |                     |                                                                                                                                        | u_i2c_dri/dri_clk_reg/Q                                                                                                                | u_i2c_dri/i2c_dri_clk                                                                                                            |
| src5      | g5        | MMCME2_ADV/CLKOUT0     | None               | MMCME2_ADV_X0Y2    | X0Y2         |           1 |               0 |              20.000 | clk_out1_clk_wiz_0                                                                                                                     | instance_name/inst/mmcm_adv_inst/CLKOUT0                                                                                               | instance_name/inst/clk_out1_clk_wiz_0                                                                                            |
| src5      | g10       | MMCME2_ADV/CLKFBOUT    | None               | MMCME2_ADV_X0Y2    | X0Y2         |           1 |               0 |              20.000 | clkfbout_clk_wiz_0                                                                                                                     | instance_name/inst/mmcm_adv_inst/CLKFBOUT                                                                                              | instance_name/inst/clkfbout_clk_wiz_0                                                                                            |
| src6      | g8        | GTPE2_CHANNEL/TXOUTCLK | GTPE2_CHANNEL_X0Y4 | GTPE2_CHANNEL_X0Y4 | X0Y4         |           1 |               0 |              16.000 | aurora_module_u0/aurora_channel_u0/aurora_8b10b_0_u0/inst/gt_wrapper_i/aurora_8b10b_0_multi_gt_i/gt0_aurora_8b10b_0_i/gtpe2_i/TXOUTCLK | aurora_module_u0/aurora_channel_u0/aurora_8b10b_0_u0/inst/gt_wrapper_i/aurora_8b10b_0_multi_gt_i/gt0_aurora_8b10b_0_i/gtpe2_i/TXOUTCLK | aurora_module_u0/aurora_channel_u0/aurora_8b10b_0_u0/inst/gt_wrapper_i/aurora_8b10b_0_multi_gt_i/gt0_aurora_8b10b_0_i/tx_out_clk |
| src7      | g9        | GTPE2_CHANNEL/TXOUTCLK | GTPE2_CHANNEL_X0Y5 | GTPE2_CHANNEL_X0Y5 | X0Y4         |           1 |               0 |              16.000 | aurora_module_u0/aurora_channel_u1/aurora_8b10b_0_u0/inst/gt_wrapper_i/aurora_8b10b_0_multi_gt_i/gt0_aurora_8b10b_0_i/gtpe2_i/TXOUTCLK | aurora_module_u0/aurora_channel_u1/aurora_8b10b_0_u0/inst/gt_wrapper_i/aurora_8b10b_0_multi_gt_i/gt0_aurora_8b10b_0_i/gtpe2_i/TXOUTCLK | aurora_module_u0/aurora_channel_u1/aurora_8b10b_0_u0/inst/gt_wrapper_i/aurora_8b10b_0_multi_gt_i/gt0_aurora_8b10b_0_i/tx_out_clk |
+-----------+-----------+------------------------+--------------------+--------------------+--------------+-------------+-----------------+---------------------+----------------------------------------------------------------------------------------------------------------------------------------+----------------------------------------------------------------------------------------------------------------------------------------+----------------------------------------------------------------------------------------------------------------------------------+
* Clock Loads column represents the clock pin loads (pin count)
** Non-Clock Loads column represents the non-clock pin loads (pin count)


4. Local Clock Details
----------------------

+----------+-------------------------+------------+--------------------------------+--------------+-------------+-----------------+--------------+-------+----------------------------------------------------------------------------------+------------------------------------------------------------------------+
| Local Id | Driver Type/Pin         | Constraint | Site/BEL                       | Clock Region | Clock Loads | Non-Clock Loads | Clock Period | Clock | Driver Pin                                                                       | Net                                                                    |
+----------+-------------------------+------------+--------------------------------+--------------+-------------+-----------------+--------------+-------+----------------------------------------------------------------------------------+------------------------------------------------------------------------||
| 0        | GTPE2_COMMON/PLL0OUTCLK | None       | GTPE2_COMMON_X0Y1/GTPE2_COMMON | X0Y4         |           2 |               0 |              |       | aurora_module_u0/aurora_8b10b_0_gt_common_wrapper_u0/gtpe2_common_0_i/PLL0OUTCLK | aurora_module_u0/aurora_8b10b_0_gt_common_wrapper_u0/gt0_pll0outclk_in - Static -
| 1        | GTPE2_COMMON/PLL1OUTCLK | None       | GTPE2_COMMON_X0Y1/GTPE2_COMMON | X0Y4         |           2 |               0 |              |       | aurora_module_u0/aurora_8b10b_0_gt_common_wrapper_u0/gtpe2_common_0_i/PLL1OUTCLK | aurora_module_u0/aurora_8b10b_0_gt_common_wrapper_u0/gt0_pll1outclk_in - Static -
+----------+-------------------------+------------+--------------------------------+--------------+-------------+-----------------+--------------+-------+----------------------------------------------------------------------------------+------------------------------------------------------------------------||
* Local Clocks in this context represents only clocks driven by non-global buffers
** Clock Loads column represents the clock pin loads (pin count)
*** Non-Clock Loads column represents the non-clock pin loads (pin count)


5. Clock Regions: Key Resource Utilization
------------------------------------------

+-------------------+--------------+--------------+--------------+--------------+--------------+--------------+--------------+--------------+--------------+--------------+--------------+--------------+--------------+--------------+--------------+
|                   | Global Clock |     BUFRs    |    BUFMRs    |    BUFIOs    |     MMCM     |      PLL     |      GT      |      PCI     |    ILOGIC    |    OLOGIC    |      FF      |     LUTM     |    RAMB18    |    RAMB36    |    DSP48E2   |
+-------------------+------+-------+------+-------+------+-------+------+-------+------+-------+------+-------+------+-------+------+-------+------+-------+------+-------+------+-------+------+-------+------+-------+------+-------+------+-------+
| Clock Region Name | Used | Avail | Used | Avail | Used | Avail | Used | Avail | Used | Avail | Used | Avail | Used | Avail | Used | Avail | Used | Avail | Used | Avail | Used | Avail | Used | Avail | Used | Avail | Used | Avail | Used | Avail |
+-------------------+------+-------+------+-------+------+-------+------+-------+------+-------+------+-------+------+-------+------+-------+------+-------+------+-------+------+-------+------+-------+------+-------+------+-------+------+-------+
| X0Y0              |    0 |    12 |    0 |     4 |    0 |     2 |    0 |     4 |    0 |     1 |    0 |     1 |    0 |     4 |    0 |     0 |    0 |    50 |    0 |    50 |    0 |  2700 |    0 |   800 |    0 |    60 |    0 |    30 |    0 |    60 |
| X1Y0              |    0 |    12 |    0 |     4 |    0 |     2 |    0 |     4 |    0 |     1 |    0 |     1 |    0 |     4 |    0 |     0 |    0 |    50 |    0 |    50 |    0 |  2500 |    0 |   800 |    0 |    40 |    0 |    20 |    0 |    40 |
| X0Y1              |    0 |    12 |    0 |     4 |    0 |     2 |    0 |     4 |    0 |     1 |    0 |     1 |    0 |     0 |    0 |     0 |    0 |    50 |    0 |    50 |    0 |  4200 |    0 |  1400 |    0 |   100 |    0 |    50 |    0 |   100 |
| X1Y1              |    0 |    12 |    0 |     4 |    0 |     2 |    0 |     4 |    0 |     1 |    0 |     1 |    0 |     0 |    0 |     0 |    0 |    50 |    0 |    50 |    0 |  4000 |    0 |  1400 |    0 |    80 |    0 |    40 |    0 |    80 |
| X0Y2              |    5 |    12 |    0 |     4 |    0 |     2 |    0 |     4 |    1 |     1 |    0 |     1 |    0 |     0 |    0 |     0 |    8 |    50 |    0 |    50 |  104 |  3600 |   35 |  1400 |    0 |   100 |    0 |    50 |    0 |   100 |
| X1Y2              |    1 |    12 |    0 |     4 |    0 |     2 |    0 |     4 |    0 |     1 |    0 |     1 |    0 |     0 |    0 |     0 |    0 |    50 |    0 |    50 |    5 |  4000 |    5 |  1400 |    0 |    80 |    0 |    40 |    0 |    80 |
| X0Y3              |    3 |    12 |    0 |     4 |    0 |     2 |    0 |     4 |    0 |     1 |    0 |     1 |    0 |     0 |    0 |     0 |    0 |    50 |    0 |    50 |  944 |  3600 |  414 |  1400 |    0 |   100 |    0 |    50 |    0 |   100 |
| X1Y3              |    0 |    12 |    0 |     4 |    0 |     2 |    0 |     4 |    0 |     1 |    0 |     1 |    0 |     0 |    0 |     0 |    0 |    50 |    0 |    50 |    0 |  4000 |    0 |  1400 |    0 |    80 |    0 |    40 |    0 |    80 |
| X0Y4              |    6 |    12 |    0 |     4 |    0 |     2 |    0 |     4 |    1 |     1 |    0 |     1 |    2 |     4 |    0 |     1 |    0 |    50 |    0 |    50 |  989 |  2550 |  360 |   750 |    0 |    50 |    0 |    25 |    0 |    60 |
| X1Y4              |    2 |    12 |    0 |     4 |    0 |     2 |    0 |     4 |    1 |     1 |    0 |     1 |    0 |     4 |    0 |     0 |    0 |    50 |    0 |    50 |    4 |  2500 |    0 |   800 |    0 |    40 |    0 |    20 |    0 |    40 |
+-------------------+------+-------+------+-------+------+-------+------+-------+------+-------+------+-------+------+-------+------+-------+------+-------+------+-------+------+-------+------+-------+------+-------+------+-------+------+-------+
* Global Clock column represents track count; while other columns represents cell counts


6. Clock Regions : Global Clock Summary
---------------------------------------

All Modules
+----+----+----+
|    | X0 | X1 |
+----+----+----+
| Y4 |  6 |  2 |
| Y3 |  3 |  0 |
| Y2 |  5 |  1 |
| Y1 |  0 |  0 |
| Y0 |  0 |  0 |
+----+----+----+


7. Device Cell Placement Summary for Global Clock g0
----------------------------------------------------

+-----------+-----------------+-------------------+---------+-------------+----------------+-------------+----------+----------------+----------+----------------------------------------------------------------------------+
| Global Id | Driver Type/Pin | Driver Region (D) | Clock   | Period (ns) | Waveform (ns)  | Slice Loads | IO Loads | Clocking Loads | GT Loads | Net                                                                        |
+-----------+-----------------+-------------------+---------+-------------+----------------+-------------+----------+----------------+----------+----------------------------------------------------------------------------+
| g0        | BUFG/O          | n/a               | clkout0 |      32.000 | {0.000 16.000} |         705 |        0 |              0 |        1 | aurora_module_u0/aurora_channel_u0/aurora_8b10b_0_CLOCK_MODULE_u0/USER_CLK |
+-----------+-----------------+-------------------+---------+-------------+----------------+-------------+----------+----------------+----------+----------------------------------------------------------------------------+
* Slice Loads column represents load cell count of all cell types other than IO, GT and clock resources
** IO Loads column represents load cell count of IO types
*** Clocking Loads column represents load cell count that are clock resources (global clock buffer, MMCM, PLL, etc)
**** GT Loads column represents load cell count of GT types


+----+------+----+
|    | X0   | X1 |
+----+------+----+
| Y4 |  178 |  0 |
| Y3 |  528 |  0 |
| Y2 |    0 |  0 |
| Y1 |    0 |  0 |
| Y0 |    0 |  0 |
+----+------+----+


8. Device Cell Placement Summary for Global Clock g1
----------------------------------------------------

+-----------+-----------------+-------------------+-------+-------------+---------------+-------------+----------+----------------+----------+---------------------+
| Global Id | Driver Type/Pin | Driver Region (D) | Clock | Period (ns) | Waveform (ns) | Slice Loads | IO Loads | Clocking Loads | GT Loads | Net                 |
+-----------+-----------------+-------------------+-------+-------------+---------------+-------------+----------+----------------+----------+---------------------+
| g1        | BUFG/O          | n/a               |       |             |               |         629 |        0 |              1 |        0 | i_clk_50M_IBUF_BUFG |
+-----------+-----------------+-------------------+-------+-------------+---------------+-------------+----------+----------------+----------+---------------------+
* Slice Loads column represents load cell count of all cell types other than IO, GT and clock resources
** IO Loads column represents load cell count of IO types
*** Clocking Loads column represents load cell count that are clock resources (global clock buffer, MMCM, PLL, etc)
**** GT Loads column represents load cell count of GT types


+----+------+----+
|    | X0   | X1 |
+----+------+----+
| Y4 |  319 |  0 |
| Y3 |  310 |  0 |
| Y2 |    1 |  0 |
| Y1 |    0 |  0 |
| Y0 |    0 |  0 |
+----+------+----+


9. Device Cell Placement Summary for Global Clock g2
----------------------------------------------------

+-----------+-----------------+-------------------+-----------+-------------+----------------+-------------+----------+----------------+----------+----------------------------------------------------------------------------+
| Global Id | Driver Type/Pin | Driver Region (D) | Clock     | Period (ns) | Waveform (ns)  | Slice Loads | IO Loads | Clocking Loads | GT Loads | Net                                                                        |
+-----------+-----------------+-------------------+-----------+-------------+----------------+-------------+----------+----------------+----------+----------------------------------------------------------------------------+
| g2        | BUFG/O          | n/a               | clkout0_1 |      32.000 | {0.000 16.000} |         510 |        0 |              0 |        1 | aurora_module_u0/aurora_channel_u1/aurora_8b10b_0_CLOCK_MODULE_u0/USER_CLK |
+-----------+-----------------+-------------------+-----------+-------------+----------------+-------------+----------+----------------+----------+----------------------------------------------------------------------------+
* Slice Loads column represents load cell count of all cell types other than IO, GT and clock resources
** IO Loads column represents load cell count of IO types
*** Clocking Loads column represents load cell count that are clock resources (global clock buffer, MMCM, PLL, etc)
**** GT Loads column represents load cell count of GT types


+----+------+----+
|    | X0   | X1 |
+----+------+----+
| Y4 |  507 |  4 |
| Y3 |    0 |  0 |
| Y2 |    0 |  0 |
| Y1 |    0 |  0 |
| Y0 |    0 |  0 |
+----+------+----+


10. Device Cell Placement Summary for Global Clock g3
-----------------------------------------------------

+-----------+-----------------+-------------------+-----------+-------------+----------------+-------------+----------+----------------+----------+--------------------+
| Global Id | Driver Type/Pin | Driver Region (D) | Clock     | Period (ns) | Waveform (ns)  | Slice Loads | IO Loads | Clocking Loads | GT Loads | Net                |
+-----------+-----------------+-------------------+-----------+-------------+----------------+-------------+----------+----------------+----------+--------------------+
| g3        | BUFG/O          | n/a               | cmos_pclk |      40.000 | {0.000 20.000} |         131 |        0 |              0 |        0 | cam_pclk_IBUF_BUFG |
+-----------+-----------------+-------------------+-----------+-------------+----------------+-------------+----------+----------------+----------+--------------------+
* Slice Loads column represents load cell count of all cell types other than IO, GT and clock resources
** IO Loads column represents load cell count of IO types
*** Clocking Loads column represents load cell count that are clock resources (global clock buffer, MMCM, PLL, etc)
**** GT Loads column represents load cell count of GT types


+----+------+----+
|    | X0   | X1 |
+----+------+----+
| Y4 |    0 |  0 |
| Y3 |  123 |  0 |
| Y2 |    8 |  0 |
| Y1 |    0 |  0 |
| Y0 |    0 |  0 |
+----+------+----+


11. Device Cell Placement Summary for Global Clock g4
-----------------------------------------------------

+-----------+-----------------+-------------------+-------+-------------+---------------+-------------+----------+----------------+----------+------------------+
| Global Id | Driver Type/Pin | Driver Region (D) | Clock | Period (ns) | Waveform (ns) | Slice Loads | IO Loads | Clocking Loads | GT Loads | Net              |
+-----------+-----------------+-------------------+-------+-------------+---------------+-------------+----------+----------------+----------+------------------+
| g4        | BUFG/O          | n/a               |       |             |               |          90 |        0 |              0 |        0 | i2c_dri_clk_BUFG |
+-----------+-----------------+-------------------+-------+-------------+---------------+-------------+----------+----------------+----------+------------------+
* Slice Loads column represents load cell count of all cell types other than IO, GT and clock resources
** IO Loads column represents load cell count of IO types
*** Clocking Loads column represents load cell count that are clock resources (global clock buffer, MMCM, PLL, etc)
**** GT Loads column represents load cell count of GT types


+----+-----+----+
|    | X0  | X1 |
+----+-----+----+
| Y4 |   0 |  0 |
| Y3 |   0 |  0 |
| Y2 |  90 |  0 |
| Y1 |   0 |  0 |
| Y0 |   0 |  0 |
+----+-----+----+


12. Device Cell Placement Summary for Global Clock g5
-----------------------------------------------------

+-----------+-----------------+-------------------+--------------------+-------------+----------------+-------------+----------+----------------+----------+-----------------------------+
| Global Id | Driver Type/Pin | Driver Region (D) | Clock              | Period (ns) | Waveform (ns)  | Slice Loads | IO Loads | Clocking Loads | GT Loads | Net                         |
+-----------+-----------------+-------------------+--------------------+-------------+----------------+-------------+----------+----------------+----------+-----------------------------+
| g5        | BUFG/O          | n/a               | clk_out1_clk_wiz_0 |      20.000 | {0.000 10.000} |          11 |        0 |              0 |        0 | instance_name/inst/clk_out1 |
+-----------+-----------------+-------------------+--------------------+-------------+----------------+-------------+----------+----------------+----------+-----------------------------+
* Slice Loads column represents load cell count of all cell types other than IO, GT and clock resources
** IO Loads column represents load cell count of IO types
*** Clocking Loads column represents load cell count that are clock resources (global clock buffer, MMCM, PLL, etc)
**** GT Loads column represents load cell count of GT types


+----+----+----+
|    | X0 | X1 |
+----+----+----+
| Y4 |  0 |  0 |
| Y3 |  0 |  0 |
| Y2 |  6 |  5 |
| Y1 |  0 |  0 |
| Y0 |  0 |  0 |
+----+----+----+


13. Device Cell Placement Summary for Global Clock g6
-----------------------------------------------------

+-----------+-----------------+-------------------+---------+-------------+---------------+-------------+----------+----------------+----------+----------------------------------------------------------------------------+
| Global Id | Driver Type/Pin | Driver Region (D) | Clock   | Period (ns) | Waveform (ns) | Slice Loads | IO Loads | Clocking Loads | GT Loads | Net                                                                        |
+-----------+-----------------+-------------------+---------+-------------+---------------+-------------+----------+----------------+----------+----------------------------------------------------------------------------+
| g6        | BUFG/O          | n/a               | clkout1 |      16.000 | {0.000 8.000} |           0 |        0 |              0 |        1 | aurora_module_u0/aurora_channel_u0/aurora_8b10b_0_CLOCK_MODULE_u0/SYNC_CLK |
+-----------+-----------------+-------------------+---------+-------------+---------------+-------------+----------+----------------+----------+----------------------------------------------------------------------------+
* Slice Loads column represents load cell count of all cell types other than IO, GT and clock resources
** IO Loads column represents load cell count of IO types
*** Clocking Loads column represents load cell count that are clock resources (global clock buffer, MMCM, PLL, etc)
**** GT Loads column represents load cell count of GT types


+----+----+----+
|    | X0 | X1 |
+----+----+----+
| Y4 |  1 |  0 |
| Y3 |  0 |  0 |
| Y2 |  0 |  0 |
| Y1 |  0 |  0 |
| Y0 |  0 |  0 |
+----+----+----+


14. Device Cell Placement Summary for Global Clock g7
-----------------------------------------------------

+-----------+-----------------+-------------------+-----------+-------------+---------------+-------------+----------+----------------+----------+----------------------------------------------------------------------------+
| Global Id | Driver Type/Pin | Driver Region (D) | Clock     | Period (ns) | Waveform (ns) | Slice Loads | IO Loads | Clocking Loads | GT Loads | Net                                                                        |
+-----------+-----------------+-------------------+-----------+-------------+---------------+-------------+----------+----------------+----------+----------------------------------------------------------------------------+
| g7        | BUFG/O          | n/a               | clkout1_1 |      16.000 | {0.000 8.000} |           0 |        0 |              0 |        1 | aurora_module_u0/aurora_channel_u1/aurora_8b10b_0_CLOCK_MODULE_u0/SYNC_CLK |
+-----------+-----------------+-------------------+-----------+-------------+---------------+-------------+----------+----------------+----------+----------------------------------------------------------------------------+
* Slice Loads column represents load cell count of all cell types other than IO, GT and clock resources
** IO Loads column represents load cell count of IO types
*** Clocking Loads column represents load cell count that are clock resources (global clock buffer, MMCM, PLL, etc)
**** GT Loads column represents load cell count of GT types


+----+----+----+
|    | X0 | X1 |
+----+----+----+
| Y4 |  1 |  0 |
| Y3 |  0 |  0 |
| Y2 |  0 |  0 |
| Y1 |  0 |  0 |
| Y0 |  0 |  0 |
+----+----+----+


15. Device Cell Placement Summary for Global Clock g8
-----------------------------------------------------

+-----------+-----------------+-------------------+----------------------------------------------------------------------------------------------------------------------------------------+-------------+---------------+-------------+----------+----------------+----------+--------------------------------------------------------------------------+
| Global Id | Driver Type/Pin | Driver Region (D) | Clock                                                                                                                                  | Period (ns) | Waveform (ns) | Slice Loads | IO Loads | Clocking Loads | GT Loads | Net                                                                      |
+-----------+-----------------+-------------------+----------------------------------------------------------------------------------------------------------------------------------------+-------------+---------------+-------------+----------+----------------+----------+--------------------------------------------------------------------------+
| g8        | BUFG/O          | n/a               | aurora_module_u0/aurora_channel_u0/aurora_8b10b_0_u0/inst/gt_wrapper_i/aurora_8b10b_0_multi_gt_i/gt0_aurora_8b10b_0_i/gtpe2_i/TXOUTCLK |      16.000 | {0.000 8.000} |           0 |        0 |              1 |        0 | aurora_module_u0/aurora_channel_u0/aurora_8b10b_0_CLOCK_MODULE_u0/clkin1 |
+-----------+-----------------+-------------------+----------------------------------------------------------------------------------------------------------------------------------------+-------------+---------------+-------------+----------+----------------+----------+--------------------------------------------------------------------------+
* Slice Loads column represents load cell count of all cell types other than IO, GT and clock resources
** IO Loads column represents load cell count of IO types
*** Clocking Loads column represents load cell count that are clock resources (global clock buffer, MMCM, PLL, etc)
**** GT Loads column represents load cell count of GT types


+----+----+----+
|    | X0 | X1 |
+----+----+----+
| Y4 |  0 |  1 |
| Y3 |  0 |  0 |
| Y2 |  0 |  0 |
| Y1 |  0 |  0 |
| Y0 |  0 |  0 |
+----+----+----+


16. Device Cell Placement Summary for Global Clock g9
-----------------------------------------------------

+-----------+-----------------+-------------------+----------------------------------------------------------------------------------------------------------------------------------------+-------------+---------------+-------------+----------+----------------+----------+--------------------------------------------------------------------------+
| Global Id | Driver Type/Pin | Driver Region (D) | Clock                                                                                                                                  | Period (ns) | Waveform (ns) | Slice Loads | IO Loads | Clocking Loads | GT Loads | Net                                                                      |
+-----------+-----------------+-------------------+----------------------------------------------------------------------------------------------------------------------------------------+-------------+---------------+-------------+----------+----------------+----------+--------------------------------------------------------------------------+
| g9        | BUFG/O          | n/a               | aurora_module_u0/aurora_channel_u1/aurora_8b10b_0_u0/inst/gt_wrapper_i/aurora_8b10b_0_multi_gt_i/gt0_aurora_8b10b_0_i/gtpe2_i/TXOUTCLK |      16.000 | {0.000 8.000} |           0 |        0 |              1 |        0 | aurora_module_u0/aurora_channel_u1/aurora_8b10b_0_CLOCK_MODULE_u0/clkin1 |
+-----------+-----------------+-------------------+----------------------------------------------------------------------------------------------------------------------------------------+-------------+---------------+-------------+----------+----------------+----------+--------------------------------------------------------------------------+
* Slice Loads column represents load cell count of all cell types other than IO, GT and clock resources
** IO Loads column represents load cell count of IO types
*** Clocking Loads column represents load cell count that are clock resources (global clock buffer, MMCM, PLL, etc)
**** GT Loads column represents load cell count of GT types


+----+----+----+
|    | X0 | X1 |
+----+----+----+
| Y4 |  1 |  0 |
| Y3 |  0 |  0 |
| Y2 |  0 |  0 |
| Y1 |  0 |  0 |
| Y0 |  0 |  0 |
+----+----+----+


17. Device Cell Placement Summary for Global Clock g10
------------------------------------------------------

+-----------+-----------------+-------------------+--------------------+-------------+----------------+-------------+----------+----------------+----------+-------------------------------------------+
| Global Id | Driver Type/Pin | Driver Region (D) | Clock              | Period (ns) | Waveform (ns)  | Slice Loads | IO Loads | Clocking Loads | GT Loads | Net                                       |
+-----------+-----------------+-------------------+--------------------+-------------+----------------+-------------+----------+----------------+----------+-------------------------------------------+
| g10       | BUFG/O          | n/a               | clkfbout_clk_wiz_0 |      20.000 | {0.000 10.000} |           0 |        0 |              1 |        0 | instance_name/inst/clkfbout_buf_clk_wiz_0 |
+-----------+-----------------+-------------------+--------------------+-------------+----------------+-------------+----------+----------------+----------+-------------------------------------------+
* Slice Loads column represents load cell count of all cell types other than IO, GT and clock resources
** IO Loads column represents load cell count of IO types
*** Clocking Loads column represents load cell count that are clock resources (global clock buffer, MMCM, PLL, etc)
**** GT Loads column represents load cell count of GT types


+----+----+----+
|    | X0 | X1 |
+----+----+----+
| Y4 |  0 |  0 |
| Y3 |  0 |  0 |
| Y2 |  1 |  0 |
| Y1 |  0 |  0 |
| Y0 |  0 |  0 |
+----+----+----+


18. Clock Region Cell Placement per Global Clock: Region X0Y2
-------------------------------------------------------------

+-----------+-------+-----------------+------------+-------------+-----------------+----+--------+------+-----+----+------+-----+---------+-------------------------------------------+
| Global Id | Track | Driver Type/Pin | Constraint | Clock Loads | Non-Clock Loads | FF | LUTRAM | RAMB | DSP | GT | MMCM | PLL | Hard IP | Net                                       |
+-----------+-------+-----------------+------------+-------------+-----------------+----+--------+------+-----+----+------+-----+---------+-------------------------------------------+
| g1        | n/a   | BUFG/O          | None       |           1 |               0 |  0 |      0 |    0 |   0 |  0 |    1 |   0 |       0 | i_clk_50M_IBUF_BUFG                       |
| g3        | n/a   | BUFG/O          | None       |           8 |               0 |  8 |      0 |    0 |   0 |  0 |    0 |   0 |       0 | cam_pclk_IBUF_BUFG                        |
| g4        | n/a   | BUFG/O          | None       |          90 |               0 | 90 |      0 |    0 |   0 |  0 |    0 |   0 |       0 | i2c_dri_clk_BUFG                          |
| g5        | n/a   | BUFG/O          | None       |           6 |               0 |  6 |      0 |    0 |   0 |  0 |    0 |   0 |       0 | instance_name/inst/clk_out1               |
| g10       | n/a   | BUFG/O          | None       |           1 |               0 |  0 |      0 |    0 |   0 |  0 |    1 |   0 |       0 | instance_name/inst/clkfbout_buf_clk_wiz_0 |
+-----------+-------+-----------------+------------+-------------+-----------------+----+--------+------+-----+----+------+-----+---------+-------------------------------------------+
* Clock Loads column represents the clock pin loads (pin count)
** Non-Clock Loads column represents the non-clock pin loads (pin count)
*** Columns FF, LUTRAM, RAMB through 'Hard IP' represents load cell counts


19. Clock Region Cell Placement per Global Clock: Region X1Y2
-------------------------------------------------------------

+-----------+-------+-----------------+------------+-------------+-----------------+----+--------+------+-----+----+------+-----+---------+-----------------------------+
| Global Id | Track | Driver Type/Pin | Constraint | Clock Loads | Non-Clock Loads | FF | LUTRAM | RAMB | DSP | GT | MMCM | PLL | Hard IP | Net                         |
+-----------+-------+-----------------+------------+-------------+-----------------+----+--------+------+-----+----+------+-----+---------+-----------------------------+
| g5        | n/a   | BUFG/O          | None       |           5 |               0 |  5 |      0 |    0 |   0 |  0 |    0 |   0 |       0 | instance_name/inst/clk_out1 |
+-----------+-------+-----------------+------------+-------------+-----------------+----+--------+------+-----+----+------+-----+---------+-----------------------------+
* Clock Loads column represents the clock pin loads (pin count)
** Non-Clock Loads column represents the non-clock pin loads (pin count)
*** Columns FF, LUTRAM, RAMB through 'Hard IP' represents load cell counts


20. Clock Region Cell Placement per Global Clock: Region X0Y3
-------------------------------------------------------------

+-----------+-------+-----------------+------------+-------------+-----------------+-----+--------+------+-----+----+------+-----+---------+----------------------------------------------------------------------------+
| Global Id | Track | Driver Type/Pin | Constraint | Clock Loads | Non-Clock Loads | FF  | LUTRAM | RAMB | DSP | GT | MMCM | PLL | Hard IP | Net                                                                        |
+-----------+-------+-----------------+------------+-------------+-----------------+-----+--------+------+-----+----+------+-----+---------+----------------------------------------------------------------------------+
| g0        | n/a   | BUFG/O          | None       |         528 |               0 | 513 |     14 |    0 |   0 |  0 |    0 |   0 |       0 | aurora_module_u0/aurora_channel_u0/aurora_8b10b_0_CLOCK_MODULE_u0/USER_CLK |
| g1        | n/a   | BUFG/O          | None       |         310 |               0 | 310 |      0 |    0 |   0 |  0 |    0 |   0 |       0 | i_clk_50M_IBUF_BUFG                                                        |
| g3        | n/a   | BUFG/O          | None       |         123 |               0 | 121 |      1 |    0 |   0 |  0 |    0 |   0 |       0 | cam_pclk_IBUF_BUFG                                                         |
+-----------+-------+-----------------+------------+-------------+-----------------+-----+--------+------+-----+----+------+-----+---------+----------------------------------------------------------------------------+
* Clock Loads column represents the clock pin loads (pin count)
** Non-Clock Loads column represents the non-clock pin loads (pin count)
*** Columns FF, LUTRAM, RAMB through 'Hard IP' represents load cell counts


21. Clock Region Cell Placement per Global Clock: Region X0Y4
-------------------------------------------------------------

+-----------+-------+-----------------+------------+-------------+-----------------+-----+--------+------+-----+----+------+-----+---------+----------------------------------------------------------------------------+
| Global Id | Track | Driver Type/Pin | Constraint | Clock Loads | Non-Clock Loads | FF  | LUTRAM | RAMB | DSP | GT | MMCM | PLL | Hard IP | Net                                                                        |
+-----------+-------+-----------------+------------+-------------+-----------------+-----+--------+------+-----+----+------+-----+---------+----------------------------------------------------------------------------+
| g0        | n/a   | BUFG/O          | None       |         178 |               0 | 177 |      0 |    0 |   0 |  1 |    0 |   0 |       0 | aurora_module_u0/aurora_channel_u0/aurora_8b10b_0_CLOCK_MODULE_u0/USER_CLK |
| g1        | n/a   | BUFG/O          | None       |         319 |               0 | 319 |      0 |    0 |   0 |  0 |    0 |   0 |       0 | i_clk_50M_IBUF_BUFG                                                        |
| g2        | n/a   | BUFG/O          | None       |         507 |               0 | 493 |     13 |    0 |   0 |  1 |    0 |   0 |       0 | aurora_module_u0/aurora_channel_u1/aurora_8b10b_0_CLOCK_MODULE_u0/USER_CLK |
| g6        | n/a   | BUFG/O          | None       |           1 |               0 |   0 |      0 |    0 |   0 |  1 |    0 |   0 |       0 | aurora_module_u0/aurora_channel_u0/aurora_8b10b_0_CLOCK_MODULE_u0/SYNC_CLK |
| g7        | n/a   | BUFG/O          | None       |           1 |               0 |   0 |      0 |    0 |   0 |  1 |    0 |   0 |       0 | aurora_module_u0/aurora_channel_u1/aurora_8b10b_0_CLOCK_MODULE_u0/SYNC_CLK |
| g9        | n/a   | BUFG/O          | None       |           1 |               0 |   0 |      0 |    0 |   0 |  0 |    1 |   0 |       0 | aurora_module_u0/aurora_channel_u1/aurora_8b10b_0_CLOCK_MODULE_u0/clkin1   |
+-----------+-------+-----------------+------------+-------------+-----------------+-----+--------+------+-----+----+------+-----+---------+----------------------------------------------------------------------------+
* Clock Loads column represents the clock pin loads (pin count)
** Non-Clock Loads column represents the non-clock pin loads (pin count)
*** Columns FF, LUTRAM, RAMB through 'Hard IP' represents load cell counts


22. Clock Region Cell Placement per Global Clock: Region X1Y4
-------------------------------------------------------------

+-----------+-------+-----------------+------------+-------------+-----------------+----+--------+------+-----+----+------+-----+---------+----------------------------------------------------------------------------+
| Global Id | Track | Driver Type/Pin | Constraint | Clock Loads | Non-Clock Loads | FF | LUTRAM | RAMB | DSP | GT | MMCM | PLL | Hard IP | Net                                                                        |
+-----------+-------+-----------------+------------+-------------+-----------------+----+--------+------+-----+----+------+-----+---------+----------------------------------------------------------------------------+
| g2        | n/a   | BUFG/O          | None       |           4 |               0 |  4 |      0 |    0 |   0 |  0 |    0 |   0 |       0 | aurora_module_u0/aurora_channel_u1/aurora_8b10b_0_CLOCK_MODULE_u0/USER_CLK |
| g8        | n/a   | BUFG/O          | None       |           1 |               0 |  0 |      0 |    0 |   0 |  0 |    1 |   0 |       0 | aurora_module_u0/aurora_channel_u0/aurora_8b10b_0_CLOCK_MODULE_u0/clkin1   |
+-----------+-------+-----------------+------------+-------------+-----------------+----+--------+------+-----+----+------+-----+---------+----------------------------------------------------------------------------+
* Clock Loads column represents the clock pin loads (pin count)
** Non-Clock Loads column represents the non-clock pin loads (pin count)
*** Columns FF, LUTRAM, RAMB through 'Hard IP' represents load cell counts



# Location of BUFG Primitives 
set_property LOC BUFGCTRL_X0Y4 [get_cells instance_name/inst/clkf_buf]
set_property LOC BUFGCTRL_X0Y3 [get_cells instance_name/inst/clkout1_buf]
set_property LOC BUFGCTRL_X0Y1 [get_cells i_clk_50M_IBUF_BUFG_inst]
set_property LOC BUFGCTRL_X0Y2 [get_cells i2c_dri_clk_BUFG_inst]
set_property LOC BUFGCTRL_X0Y0 [get_cells cam_pclk_IBUF_BUFG_inst]
set_property LOC BUFGCTRL_X0Y21 [get_cells aurora_module_u0/aurora_channel_u1/aurora_8b10b_0_CLOCK_MODULE_u0/clkin1_buf]
set_property LOC BUFGCTRL_X0Y17 [get_cells aurora_module_u0/aurora_channel_u1/aurora_8b10b_0_CLOCK_MODULE_u0/clkout0_buf]
set_property LOC BUFGCTRL_X0Y19 [get_cells aurora_module_u0/aurora_channel_u1/aurora_8b10b_0_CLOCK_MODULE_u0/clkout1_buf]
set_property LOC BUFGCTRL_X0Y20 [get_cells aurora_module_u0/aurora_channel_u0/aurora_8b10b_0_CLOCK_MODULE_u0/clkin1_buf]
set_property LOC BUFGCTRL_X0Y16 [get_cells aurora_module_u0/aurora_channel_u0/aurora_8b10b_0_CLOCK_MODULE_u0/clkout0_buf]
set_property LOC BUFGCTRL_X0Y18 [get_cells aurora_module_u0/aurora_channel_u0/aurora_8b10b_0_CLOCK_MODULE_u0/clkout1_buf]

# Location of IO Primitives which is load of clock spine

# Location of clock ports
set_property LOC IOB_X0Y113 [get_ports cam_pclk]
set_property LOC IOB_X1Y124 [get_ports i_clk_50M]

# Clock net "instance_name/inst/clk_out1" driven by instance "instance_name/inst/clkout1_buf" located at site "BUFGCTRL_X0Y3"
#startgroup
create_pblock {CLKAG_instance_name/inst/clk_out1}
add_cells_to_pblock [get_pblocks  {CLKAG_instance_name/inst/clk_out1}] [get_cells -filter { PRIMITIVE_GROUP != I/O && IS_PRIMITIVE==1 && PRIMITIVE_LEVEL !=INTERNAL } -of_object [get_pins -filter {DIRECTION==IN} -of_objects [get_nets -hierarchical -filter {PARENT=="instance_name/inst/clk_out1"}]]]
resize_pblock [get_pblocks {CLKAG_instance_name/inst/clk_out1}] -add {CLOCKREGION_X0Y2:CLOCKREGION_X0Y2 CLOCKREGION_X1Y2:CLOCKREGION_X1Y2}
#endgroup

# Clock net "i_clk_50M_IBUF_BUFG" driven by instance "i_clk_50M_IBUF_BUFG_inst" located at site "BUFGCTRL_X0Y1"
#startgroup
create_pblock {CLKAG_i_clk_50M_IBUF_BUFG}
add_cells_to_pblock [get_pblocks  {CLKAG_i_clk_50M_IBUF_BUFG}] [get_cells -filter { PRIMITIVE_GROUP != I/O && IS_PRIMITIVE==1 && PRIMITIVE_LEVEL !=INTERNAL && NAME!=instance_name/inst/mmcm_adv_inst} -of_object [get_pins -filter {DIRECTION==IN} -of_objects [get_nets -hierarchical -filter {PARENT=="i_clk_50M_IBUF_BUFG"}]]]
resize_pblock [get_pblocks {CLKAG_i_clk_50M_IBUF_BUFG}] -add {CLOCKREGION_X0Y3:CLOCKREGION_X0Y3 CLOCKREGION_X0Y4:CLOCKREGION_X0Y4}
#endgroup

# Clock net "i2c_dri_clk_BUFG" driven by instance "i2c_dri_clk_BUFG_inst" located at site "BUFGCTRL_X0Y2"
#startgroup
create_pblock {CLKAG_i2c_dri_clk_BUFG}
add_cells_to_pblock [get_pblocks  {CLKAG_i2c_dri_clk_BUFG}] [get_cells -filter { PRIMITIVE_GROUP != I/O && IS_PRIMITIVE==1 && PRIMITIVE_LEVEL !=INTERNAL } -of_object [get_pins -filter {DIRECTION==IN} -of_objects [get_nets -hierarchical -filter {PARENT=="i2c_dri_clk_BUFG"}]]]
resize_pblock [get_pblocks {CLKAG_i2c_dri_clk_BUFG}] -add {CLOCKREGION_X0Y2:CLOCKREGION_X0Y2}
#endgroup

# Clock net "cam_pclk_IBUF_BUFG" driven by instance "cam_pclk_IBUF_BUFG_inst" located at site "BUFGCTRL_X0Y0"
#startgroup
create_pblock {CLKAG_cam_pclk_IBUF_BUFG}
add_cells_to_pblock [get_pblocks  {CLKAG_cam_pclk_IBUF_BUFG}] [get_cells -filter { PRIMITIVE_GROUP != I/O && IS_PRIMITIVE==1 && PRIMITIVE_LEVEL !=INTERNAL } -of_object [get_pins -filter {DIRECTION==IN} -of_objects [get_nets -hierarchical -filter {PARENT=="cam_pclk_IBUF_BUFG"}]]]
resize_pblock [get_pblocks {CLKAG_cam_pclk_IBUF_BUFG}] -add {CLOCKREGION_X0Y2:CLOCKREGION_X0Y2 CLOCKREGION_X0Y3:CLOCKREGION_X0Y3}
#endgroup

# Clock net "aurora_module_u0/aurora_channel_u1/aurora_8b10b_0_CLOCK_MODULE_u0/USER_CLK" driven by instance "aurora_module_u0/aurora_channel_u1/aurora_8b10b_0_CLOCK_MODULE_u0/clkout0_buf" located at site "BUFGCTRL_X0Y17"
#startgroup
create_pblock {CLKAG_aurora_module_u0/aurora_channel_u1/aurora_8b10b_0_CLOCK_MODULE_u0/USER_CLK}
add_cells_to_pblock [get_pblocks  {CLKAG_aurora_module_u0/aurora_channel_u1/aurora_8b10b_0_CLOCK_MODULE_u0/USER_CLK}] [get_cells -filter { PRIMITIVE_GROUP != I/O && IS_PRIMITIVE==1 && PRIMITIVE_LEVEL !=INTERNAL } -of_object [get_pins -filter {DIRECTION==IN} -of_objects [get_nets -hierarchical -filter {PARENT=="aurora_module_u0/aurora_channel_u1/aurora_8b10b_0_CLOCK_MODULE_u0/USER_CLK"}]]]
resize_pblock [get_pblocks {CLKAG_aurora_module_u0/aurora_channel_u1/aurora_8b10b_0_CLOCK_MODULE_u0/USER_CLK}] -add {CLOCKREGION_X0Y4:CLOCKREGION_X0Y4 CLOCKREGION_X1Y4:CLOCKREGION_X1Y4}
#endgroup

# Clock net "aurora_module_u0/aurora_channel_u1/aurora_8b10b_0_CLOCK_MODULE_u0/SYNC_CLK" driven by instance "aurora_module_u0/aurora_channel_u1/aurora_8b10b_0_CLOCK_MODULE_u0/clkout1_buf" located at site "BUFGCTRL_X0Y19"
#startgroup
create_pblock {CLKAG_aurora_module_u0/aurora_channel_u1/aurora_8b10b_0_CLOCK_MODULE_u0/SYNC_CLK}
add_cells_to_pblock [get_pblocks  {CLKAG_aurora_module_u0/aurora_channel_u1/aurora_8b10b_0_CLOCK_MODULE_u0/SYNC_CLK}] [get_cells -filter { PRIMITIVE_GROUP != I/O && IS_PRIMITIVE==1 && PRIMITIVE_LEVEL !=INTERNAL } -of_object [get_pins -filter {DIRECTION==IN} -of_objects [get_nets -hierarchical -filter {PARENT=="aurora_module_u0/aurora_channel_u1/aurora_8b10b_0_CLOCK_MODULE_u0/SYNC_CLK"}]]]
resize_pblock [get_pblocks {CLKAG_aurora_module_u0/aurora_channel_u1/aurora_8b10b_0_CLOCK_MODULE_u0/SYNC_CLK}] -add {CLOCKREGION_X0Y4:CLOCKREGION_X0Y4}
#endgroup

# Clock net "aurora_module_u0/aurora_channel_u0/aurora_8b10b_0_CLOCK_MODULE_u0/USER_CLK" driven by instance "aurora_module_u0/aurora_channel_u0/aurora_8b10b_0_CLOCK_MODULE_u0/clkout0_buf" located at site "BUFGCTRL_X0Y16"
#startgroup
create_pblock {CLKAG_aurora_module_u0/aurora_channel_u0/aurora_8b10b_0_CLOCK_MODULE_u0/USER_CLK}
add_cells_to_pblock [get_pblocks  {CLKAG_aurora_module_u0/aurora_channel_u0/aurora_8b10b_0_CLOCK_MODULE_u0/USER_CLK}] [get_cells -filter { PRIMITIVE_GROUP != I/O && IS_PRIMITIVE==1 && PRIMITIVE_LEVEL !=INTERNAL } -of_object [get_pins -filter {DIRECTION==IN} -of_objects [get_nets -hierarchical -filter {PARENT=="aurora_module_u0/aurora_channel_u0/aurora_8b10b_0_CLOCK_MODULE_u0/USER_CLK"}]]]
resize_pblock [get_pblocks {CLKAG_aurora_module_u0/aurora_channel_u0/aurora_8b10b_0_CLOCK_MODULE_u0/USER_CLK}] -add {CLOCKREGION_X0Y3:CLOCKREGION_X0Y3 CLOCKREGION_X0Y4:CLOCKREGION_X0Y4}
#endgroup

# Clock net "aurora_module_u0/aurora_channel_u0/aurora_8b10b_0_CLOCK_MODULE_u0/SYNC_CLK" driven by instance "aurora_module_u0/aurora_channel_u0/aurora_8b10b_0_CLOCK_MODULE_u0/clkout1_buf" located at site "BUFGCTRL_X0Y18"
#startgroup
create_pblock {CLKAG_aurora_module_u0/aurora_channel_u0/aurora_8b10b_0_CLOCK_MODULE_u0/SYNC_CLK}
add_cells_to_pblock [get_pblocks  {CLKAG_aurora_module_u0/aurora_channel_u0/aurora_8b10b_0_CLOCK_MODULE_u0/SYNC_CLK}] [get_cells -filter { PRIMITIVE_GROUP != I/O && IS_PRIMITIVE==1 && PRIMITIVE_LEVEL !=INTERNAL } -of_object [get_pins -filter {DIRECTION==IN} -of_objects [get_nets -hierarchical -filter {PARENT=="aurora_module_u0/aurora_channel_u0/aurora_8b10b_0_CLOCK_MODULE_u0/SYNC_CLK"}]]]
resize_pblock [get_pblocks {CLKAG_aurora_module_u0/aurora_channel_u0/aurora_8b10b_0_CLOCK_MODULE_u0/SYNC_CLK}] -add {CLOCKREGION_X0Y4:CLOCKREGION_X0Y4}
#endgroup
